CPEN 431 EVALUATION test Client
Time: Sun Feb 03 23:15:55 UTC 2019
Build Date: Sun Feb 03 17:27:09 UTC 2019
Java process ID: 6754

[Info] A4 Client running in SUBMIT mode.

[Info] Evaluating Planetlab server deployment.

[Info] Created server list successfully.
[Info] Checking co-deployment violation.
[Info] Checking if the test client is running on AWS
Detected instance type: c5.large


[Test isAlive]
TEST PASSED
[Info] Results server is up. Secret code is valid.

[ TEST Basic PUT/GET (PUT -> GET). Value Length = 8 Bytes ]
TEST_PASSED

[ TEST Basic PUT/GET (PUT -> GET). Value Length = 32 Bytes ]
TEST_PASSED

[ TEST Basic PUT/GET (PUT -> GET). Value Length = 2048 Bytes ]
TEST_PASSED

[ TEST Basic PUT/GET (PUT -> GET). Value Length = 10000 Bytes ]
TEST_PASSED



[ TEST Basic KVS with message version (PUT Version 1 -> GET -> PUT Version 2 -> GET). Value Length = 8 Bytes ]
TEST_PASSED

[ TEST Basic KVS with message version (PUT Version 1 -> GET -> PUT Version 2 -> GET). Value Length = 32 Bytes ]
TEST_PASSED

[ TEST Basic KVS with message version (PUT Version 1 -> GET -> PUT Version 2 -> GET). Value Length = 2048 Bytes ]
TEST_PASSED

[ TEST Basic KVS with message version (PUT Version 1 -> GET -> PUT Version 2 -> GET). Value Length = 10000 Bytes ]
TEST_PASSED

[ TEST Basic REMOVE (PUT -> GET -> REM -> GET). Value Length = 32 Bytes. ]
TEST_PASSED

[ TEST Double remove (PUT -> REM -> REM). Value Length = 32 Bytes. ]
TEST_PASSED

[ TEST Invalid Command. ]
TEST_PASSED

[ TEST At-Most-Once Client Policy (PUT -> REM -> REM). Value length =  32 Bytes ]
TEST_PASSED

[ TEST At-Most-Once Client Policy Empty REMs (EMPTY -> REM -> REM) ]
TEST_PASSED

[ TEST At-Most-Once Client Policy Error Return Code (REM -> PUT -> REM) ]
TEST_PASSED

[ TEST Multi Client Performance (1 clients, 60.0 seconds): PUT -> GET (closed loop) ]
Test time limit reached: 60.0s.
Test completed after 1067 closed loops.
[Test] Checking if server is up ...
Test Passed. Server is ok.
Test Status: TEST_PASSED
Clients: 1
Total Requests (without replies): 2134
Total Requests (including replies): 2134
Successful Responses: 2134
Timeout Responses: 0
Total Failed Responses: 0
% Success: 100.0
% Timeout: 0.0
% Failed: 0.0
Response Time (Successful requests):
[max] 42ms, [min] 25ms
[avg] 28.01921274601687 ms, [stdev] 1.2299397424708918ms
Throughput: 35.56429571361909 requests per second
Goodput: 35.56429571361909 requests per second
Retry Rate (Successful requests): 1.0

[ TEST Multi Client Performance (2 clients, 60.0 seconds): PUT -> GET (closed loop) ]
Test time limit reached: 60.0s.
Test completed after 1069 closed loops.
Test time limit reached: 60.0s.
Test completed after 1070 closed loops.
[Test] Checking if server is up ...
Test Passed. Server is ok.
Test Status: TEST_PASSED
Clients: 2
Total Requests (without replies): 4278
Total Requests (including replies): 4278
Successful Responses: 4278
Timeout Responses: 0
Total Failed Responses: 0
% Success: 100.0
% Timeout: 0.0
% Failed: 0.0
Response Time (Successful requests):
[max] 38ms, [min] 25ms
[avg] 28.013557737260403 ms, [stdev] 1.3291085754163354ms
Throughput: 71.23351538564008 requests per second
Goodput: 71.23351538564008 requests per second
Retry Rate (Successful requests): 1.0

[ TEST Multi Client Performance (8 clients, 60.0 seconds): PUT -> GET (closed loop) ]
Test time limit reached: 60.0s.
Test completed after 1045 closed loops.
Test time limit reached: 60.0s.
Test completed after 1045 closed loops.
Test time limit reached: 60.0s.
Test completed after 1045 closed loops.
Test time limit reached: 60.0s.
Test completed after 1045 closed loops.
Test time limit reached: 60.0s.
Test completed after 1045 closed loops.
Test time limit reached: 60.0s.
Test completed after 1045 closed loops.
Test time limit reached: 60.0s.
Test completed after 1045 closed loops.
Test time limit reached: 60.0s.
Test completed after 1043 closed loops.
[Test] Checking if server is up ...
Test Passed. Server is ok.
Test Status: TEST_PASSED
Clients: 8
Total Requests (without replies): 16716
Total Requests (including replies): 16717
Successful Responses: 16716
Timeout Responses: 0
Total Failed Responses: 0
% Success: 100.0
% Timeout: 0.0
% Failed: 0.0
Response Time (Successful requests):
[max] 180ms, [min] 25ms
[avg] 28.691732471883224 ms, [stdev] 2.890380790546073ms
Throughput: 278.34021579858796 requests per second
Goodput: 278.34021579858796 requests per second
Retry Rate (Successful requests): 1.0000598229241446

[ TEST Multi Client Performance (32 clients, 60.0 seconds): PUT -> GET (closed loop) ]
Test time limit reached: 60.0s.
Test completed after 562 closed loops.
Test time limit reached: 60.0s.
Test completed after 562 closed loops.
Test time limit reached: 60.0s.
Test completed after 564 closed loops.
Test time limit reached: 60.0s.
Test completed after 564 closed loops.
Test time limit reached: 60.0s.
Test completed after 564 closed loops.
Test time limit reached: 60.0s.
Test completed after 564 closed loops.
Test time limit reached: 60.0s.
Test completed after 564 closed loops.
Test time limit reached: 60.0s.
Test completed after 562 closed loops.
Test time limit reached: 60.0s.
Test completed after 564 closed loops.
Test time limit reached: 60.0s.
Test completed after 564 closed loops.
Test time limit reached: 60.0s.
Test completed after 564 closed loops.
Test time limit reached: 60.0s.
Test completed after 564 closed loops.
Test time limit reached: 60.0s.
Test completed after 564 closed loops.
Test time limit reached: 60.0s.
Test completed after 564 closed loops.
Test time limit reached: 60.0s.
Test completed after 564 closed loops.
Test time limit reached: 60.0s.
Test completed after 564 closed loops.
Test time limit reached: 60.0s.
Test completed after 564 closed loops.
Test time limit reached: 60.0s.
Test completed after 564 closed loops.
Test time limit reached: 60.0s.
Test completed after 564 closed loops.
Test time limit reached: 60.0s.
Test completed after 564 closed loops.
Test time limit reached: 60.0s.
Test completed after 564 closed loops.
Test time limit reached: 60.0s.
Test completed after 564 closed loops.
Test time limit reached: 60.0s.
Test completed after 563 closed loops.
Test time limit reached: 60.0s.
Test completed after 564 closed loops.
Test time limit reached: 60.0s.
Test completed after 564 closed loops.
Test time limit reached: 60.0s.
Test completed after 564 closed loops.
Test time limit reached: 60.0s.
Test completed after 564 closed loops.
Test time limit reached: 60.0s.
Test completed after 564 closed loops.
Test time limit reached: 60.0s.
Test completed after 564 closed loops.
Test time limit reached: 60.0s.
Test completed after 564 closed loops.
Test time limit reached: 60.0s.
Test completed after 564 closed loops.
Test time limit reached: 60.0s.
Test completed after 564 closed loops.
[Test] Checking if server is up ...
Test Passed. Server is ok.
Test Status: TEST_PASSED
Clients: 32
Total Requests (without replies): 36082
Total Requests (including replies): 36086
Successful Responses: 36082
Timeout Responses: 0
Total Failed Responses: 0
% Success: 100.0
% Timeout: 0.0
% Failed: 0.0
Response Time (Successful requests):
[max] 211ms, [min] 28ms
[avg] 53.2374591208913 ms, [stdev] 7.4483336707421435ms
Throughput: 600.2961385529139 requests per second
Goodput: 600.2961385529139 requests per second
Retry Rate (Successful requests): 1.000110858599856

[ TEST Multi Client Performance (128 clients, 60.0 seconds): PUT -> GET (closed loop) ]
Test time limit reached: 60.0s.
Test completed after 73 closed loops.
Test time limit reached: 60.0s.
Test completed after 73 closed loops.
Test time limit reached: 60.0s.
Test completed after 73 closed loops.
Test time limit reached: 60.0s.
Test completed after 73 closed loops.
Test time limit reached: 60.0s.
Test completed after 73 closed loops.
Test time limit reached: 60.0s.
Test completed after 73 closed loops.
Test time limit reached: 60.0s.
Test completed after 73 closed loops.
Test time limit reached: 60.0s.
Test completed after 73 closed loops.
Test time limit reached: 60.0s.
Test completed after 73 closed loops.
Test time limit reached: 60.0s.
Test completed after 73 closed loops.
Test time limit reached: 60.0s.
Test completed after 73 closed loops.
Test time limit reached: 60.0s.
Test completed after 73 closed loops.
Test time limit reached: 60.0s.
Test completed after 73 closed loops.
Test time limit reached: 60.0s.
Test completed after 73 closed loops.
Test time limit reached: 60.0s.
Test completed after 73 closed loops.
Test time limit reached: 60.0s.
Test completed after 73 closed loops.
Test time limit reached: 60.0s.
Test completed after 73 closed loops.
Test time limit reached: 60.0s.
Test completed after 73 closed loops.
Test time limit reached: 60.0s.
Test completed after 73 closed loops.
Test time limit reached: 60.0s.
Test completed after 73 closed loops.
Test time limit reached: 60.0s.
Test completed after 73 closed loops.
Test time limit reached: 60.0s.
Test completed after 73 closed loops.
Test time limit reached: 60.0s.
Test completed after 73 closed loops.
Test time limit reached: 60.0s.
Test completed after 73 closed loops.
Test time limit reached: 60.0s.
Test completed after 73 closed loops.
Test time limit reached: 60.0s.
Test completed after 73 closed loops.
Test time limit reached: 60.0s.
Test completed after 73 closed loops.
Test time limit reached: 60.0s.
Test completed after 73 closed loops.
Test time limit reached: 60.0s.
Test completed after 73 closed loops.
Test time limit reached: 60.0s.
Test completed after 73 closed loops.
Test time limit reached: 60.0s.
Test completed after 73 closed loops.
Test time limit reached: 60.0s.
Test completed after 73 closed loops.
Test time limit reached: 60.0s.
Test completed after 73 closed loops.
Test time limit reached: 60.0s.
Test completed after 73 closed loops.
Test time limit reached: 60.0s.
Test completed after 73 closed loops.
Test time limit reached: 60.0s.
Test completed after 73 closed loops.
Test time limit reached: 60.0s.
Test completed after 73 closed loops.
Test time limit reached: 60.0s.
Test completed after 73 closed loops.
Test time limit reached: 60.0s.
Test completed after 73 closed loops.
Test time limit reached: 60.0s.
Test completed after 73 closed loops.
Test time limit reached: 60.0s.
Test completed after 73 closed loops.
Test time limit reached: 60.0s.
Test completed after 73 closed loops.
Test time limit reached: 60.0s.
Test completed after 73 closed loops.
Test time limit reached: 60.0s.
Test completed after 73 closed loops.
Test time limit reached: 60.0s.
Test completed after 73 closed loops.
Test time limit reached: 60.0s.
Test completed after 73 closed loops.
Test time limit reached: 60.0s.
Test completed after 73 closed loops.
Test time limit reached: 60.0s.
Test completed after 73 closed loops.
Test time limit reached: 60.0s.
Test completed after 73 closed loops.
Test time limit reached: 60.0s.
Test completed after 73 closed loops.
Test time limit reached: 60.0s.
Test completed after 73 closed loops.
Test time limit reached: 60.0s.
Test completed after 73 closed loops.
Test time limit reached: 60.0s.
Test completed after 73 closed loops.
Test time limit reached: 60.0s.
Test completed after 73 closed loops.
Test time limit reached: 60.0s.
Test completed after 73 closed loops.
Test time limit reached: 60.0s.
Test completed after 73 closed loops.
Test time limit reached: 60.0s.
Test completed after 73 closed loops.
Test time limit reached: 60.0s.
Test completed after 73 closed loops.
Test time limit reached: 60.0s.
Test completed after 73 closed loops.
Test time limit reached: 60.0s.
Test completed after 73 closed loops.
Test time limit reached: 60.0s.
Test completed after 73 closed loops.
Test time limit reached: 60.0s.
Test completed after 73 closed loops.
Test time limit reached: 60.0s.
Test completed after 73 closed loops.
Test time limit reached: 60.0s.
Test completed after 73 closed loops.
Test time limit reached: 60.0s.
Test completed after 73 closed loops.
Test time limit reached: 60.0s.
Test completed after 73 closed loops.
Test time limit reached: 60.0s.
Test completed after 73 closed loops.
Test time limit reached: 60.0s.
Test completed after 73 closed loops.
Test time limit reached: 60.0s.
Test completed after 73 closed loops.
Test time limit reached: 60.0s.
Test completed after 73 closed loops.
Test time limit reached: 60.0s.
Test completed after 73 closed loops.
Test time limit reached: 60.0s.
Test completed after 73 closed loops.
Test time limit reached: 60.0s.
Test completed after 73 closed loops.
Test time limit reached: 60.0s.
Test completed after 73 closed loops.
Test time limit reached: 60.0s.
Test completed after 73 closed loops.
Test time limit reached: 60.0s.
Test completed after 73 closed loops.
Test time limit reached: 60.0s.
Test completed after 73 closed loops.
Test time limit reached: 60.0s.
Test completed after 73 closed loops.
Test time limit reached: 60.0s.
Test completed after 73 closed loops.
Test time limit reached: 60.0s.
Test completed after 73 closed loops.
Test time limit reached: 60.0s.
Test completed after 73 closed loops.
Test time limit reached: 60.0s.
Test completed after 73 closed loops.
Test time limit reached: 60.0s.
Test completed after 73 closed loops.
Test time limit reached: 60.0s.
Test completed after 73 closed loops.
Test time limit reached: 60.0s.
Test completed after 73 closed loops.
Test time limit reached: 60.0s.
Test completed after 73 closed loops.
Test time limit reached: 60.0s.
Test completed after 73 closed loops.
Test time limit reached: 60.0s.
Test completed after 73 closed loops.
Test time limit reached: 60.0s.
Test completed after 73 closed loops.
Test time limit reached: 60.0s.
Test completed after 73 closed loops.
Test time limit reached: 60.0s.
Test completed after 73 closed loops.
Test time limit reached: 60.0s.
Test completed after 73 closed loops.
Test time limit reached: 60.0s.
Test completed after 73 closed loops.
Test time limit reached: 60.0s.
Test completed after 73 closed loops.
Test time limit reached: 60.0s.
Test completed after 73 closed loops.
Test time limit reached: 60.0s.
Test completed after 73 closed loops.
Test time limit reached: 60.0s.
Test completed after 73 closed loops.
Test time limit reached: 60.0s.
Test completed after 73 closed loops.
Test time limit reached: 60.0s.
Test completed after 73 closed loops.
Test time limit reached: 60.0s.
Test completed after 73 closed loops.
Test time limit reached: 60.0s.
Test completed after 73 closed loops.
Test time limit reached: 60.0s.
Test completed after 73 closed loops.
Test time limit reached: 60.0s.
Test completed after 73 closed loops.
Test time limit reached: 60.0s.
Test completed after 73 closed loops.
Test time limit reached: 60.0s.
Test completed after 73 closed loops.
Test time limit reached: 60.0s.
Test completed after 73 closed loops.
Test time limit reached: 60.0s.
Test completed after 73 closed loops.
Test time limit reached: 60.0s.
Test completed after 73 closed loops.
Test time limit reached: 60.0s.
Test completed after 73 closed loops.
Test time limit reached: 60.0s.
Test completed after 73 closed loops.
Test time limit reached: 60.0s.
Test completed after 73 closed loops.
Test time limit reached: 60.0s.
Test completed after 73 closed loops.
Test time limit reached: 60.0s.
Test completed after 73 closed loops.
Test time limit reached: 60.0s.
Test completed after 73 closed loops.
Test time limit reached: 60.0s.
Test completed after 73 closed loops.
Test time limit reached: 60.0s.
Test completed after 73 closed loops.
Test time limit reached: 60.0s.
Test completed after 73 closed loops.
Test time limit reached: 60.0s.
Test completed after 73 closed loops.
Test time limit reached: 60.0s.
Test completed after 73 closed loops.
Test time limit reached: 60.0s.
Test completed after 73 closed loops.
Test time limit reached: 60.0s.
Test completed after 73 closed loops.
Test time limit reached: 60.0s.
Test completed after 73 closed loops.
Test time limit reached: 60.0s.
Test completed after 73 closed loops.
Test time limit reached: 60.0s.
Test completed after 73 closed loops.
Test time limit reached: 60.0s.
Test completed after 73 closed loops.
Test time limit reached: 60.0s.
Test completed after 73 closed loops.
Test time limit reached: 60.0s.
Test completed after 73 closed loops.
Test time limit reached: 60.0s.
Test completed after 73 closed loops.
[Test] Checking if server is up ...
Test Passed. Server is ok.
Test Status: TEST_PASSED
Clients: 128
Total Requests (without replies): 18688
Total Requests (including replies): 37549
Successful Responses: 18688
Timeout Responses: 0
Total Failed Responses: 0
% Success: 100.0
% Timeout: 0.0
% Failed: 0.0
Response Time (Successful requests):
[max] 696ms, [min] 29ms
[avg] 413.5656035958904 ms, [stdev] 49.808511516164415ms
Throughput: 308.316697738109 requests per second
Goodput: 308.316697738109 requests per second
Retry Rate (Successful requests): 2.00925727739726


[ TEST Multi Client Crash: PUT -> GET (closed loop) + REM -> WIPEOUT (closed loop) ]
[Test isAlive]
Test Passed. Server is ok.
TEST_PASSED
Pausing for 10 seconds to wait for the cache to be cleared!

[ TEST Single Client Capacity (Value Size = 10000 bytes, Limit = 7340 PUTs, ~69.99969482421875 MiB) : PUT -> GET (closed loop) ]
ERROR_OUT_OF_SPACE
Received error code after 4192 closed loops (~39.97802734375 MiB).
PUTs sent = 4192(~39.97802734375 MiB) , Limit = 7340
[Test isAlive]
Test Passed. Server is ok.
TEST_PASSED
Pausing for 10 seconds to wait for the cache to be cleared!

[ TEST Single Client Capacity (Value Size = 5000 bytes, Limit = 14680 PUTs, ~69.99969482421875 MiB) : PUT -> GET (closed loop) ]
ERROR_OUT_OF_SPACE
Received error code after 8378 closed loops (~39.94941711425781 MiB).
PUTs sent = 8378(~39.94941711425781 MiB) , Limit = 14680
[Test isAlive]
Test Passed. Server is ok.
TEST_PASSED

[TEST Invalid Key ]
TEST_PASSED

[TEST Invalid Value ]
TEST_PASSED

Sending SHUTDOWN to 1 servers.
[ ... Completed in 6.458 seconds ]
[Test isAlive] for planetlab1.cs.ubc.ca:50111
[ ... Completed in 64.573 seconds ]
Results Summary:
Test Start Time : Sun Feb 03 23:15:55 UTC 2019
Client AWS Instance Type : c5.large
Client Local IP : ip-172-31-1-105/172.31.1.105
Client Local Hostname : ip-172-31-1-105
Server List : planetlab1.cs.ubc.ca_50111_
Server Count : 1
Basic PUT GET  : 2.0
Double PUT with version : 2.0
Remove Operation : 2.0
Double Remove : 2.0
Invalid Command : 2.0
At-Most-Once Policy : 2.0
At-Most-Once Policy Empty REMs : 2.0
At-Most-Once Policy Error Return Code : 2.0
1 Client(s) Throughput (Requests per Second) : 36.0
1 Client(s) Goodput (Requests per Second) : 36.0
1 Client(s) Maximum Response Time (ms) : 42.0
1 Client(s) Average Response Time (ms) : 29.0
1 Client(s) STDEV Response Time (ms) : 2.0
2 Client(s) Throughput (Requests per Second) : 72.0
2 Client(s) Goodput (Requests per Second) : 72.0
2 Client(s) Maximum Response Time (ms) : 38.0
2 Client(s) Average Response Time (ms) : 29.0
2 Client(s) STDEV Response Time (ms) : 2.0
8 Client(s) Throughput (Requests per Second) : 279.0
8 Client(s) Goodput (Requests per Second) : 279.0
8 Client(s) Maximum Response Time (ms) : 180.0
8 Client(s) Average Response Time (ms) : 29.0
8 Client(s) STDEV Response Time (ms) : 3.0
32 Client(s) Throughput (Requests per Second) : 601.0
32 Client(s) Goodput (Requests per Second) : 601.0
32 Client(s) Maximum Response Time (ms) : 211.0
32 Client(s) Average Response Time (ms) : 54.0
32 Client(s) STDEV Response Time (ms) : 8.0
128 Client(s) Throughput (Requests per Second) : 309.0
128 Client(s) Goodput (Requests per Second) : 309.0
128 Client(s) Maximum Response Time (ms) : 696.0
128 Client(s) Average Response Time (ms) : 414.0
128 Client(s) STDEV Response Time (ms) : 50.0
Multi-Client Crash : 2.0
Single Client Capacity (MiB) for value size of 10000 : 40.0
Single Client Capacity Test 1 : 2.0
Single Client Capacity (MiB) for value size of 5000 : 40.0
Single Client Capacity Test 2 : 2.0
Invalid Key Test : 2.0
Invalid Value Test : 2.0
Shutdown Test : 2.0
Result Verification Code : 19991.0
[Info] Submission Successful!
Results server is up. Secret is valid.
Results successfully submitted.

Completed A4 Tests.
Testing completed in 1192.414s
